

*******************************************************************************
Mon May 11 10:11:08 2020


FIT:    data read from "data/".countryName[1].".csv" u 0:($2>50 ? ($2) :1/0)
        format = x:z
        #datapoints = 72
        residuals are weighted equally (unit weight)

function used for fitting: l1(x)
	l1(x) = L1/(1+exp(-k1*(x-x01)))
fitted parameters initialized with current variable values

iter      chisq       delta/lim  lambda   L1            k1            x01          
   0 1.8195308574e+11   0.00e+00  6.90e+04    8.000000e+04   2.000000e-01   5.830000e+01
   8 1.1105105688e+09  -2.81e-01  6.90e-03    1.654957e+05   1.389953e-01   7.156233e+01

After 8 iterations the fit converged.
final sum of squares of residuals : 1.11051e+09
rel. change during last iteration : -2.80746e-06

degrees of freedom    (FIT_NDF)                        : 69
rms of residuals      (FIT_STDFIT) = sqrt(WSSR/ndf)    : 4011.78
variance of residuals (reduced chisquare) = WSSR/ndf   : 1.60944e+07

Final set of parameters            Asymptotic Standard Error
=======================            ==========================
L1              = 165496           +/- 1118         (0.6756%)
k1              = 0.138995         +/- 0.003409     (2.452%)
x01             = 71.5623          +/- 0.2149       (0.3003%)

correlation matrix of the fit parameters:
                L1     k1     x01    
L1              1.000 
k1             -0.602  1.000 
x01             0.671 -0.403  1.000 


*******************************************************************************
Mon May 11 10:11:08 2020


FIT:    data read from "data/".countryName[2].".csv" u 0:($2>50 ? ($2) :1/0)
        format = x:z
        #datapoints = 79
        residuals are weighted equally (unit weight)

function used for fitting: l2(x)
	l2(x) = L2/(1+exp(-k2*(x-x02)))
fitted parameters initialized with current variable values

iter      chisq       delta/lim  lambda   L2            k2            x02          
   0 4.2667127023e+11   0.00e+00  6.58e+04    8.000000e+04   2.000000e-01   5.830000e+01
   8 2.6286517060e+09  -1.18e-01  6.58e-03    2.148171e+05   1.042323e-01   7.050120e+01

After 8 iterations the fit converged.
final sum of squares of residuals : 2.62865e+09
rel. change during last iteration : -1.17626e-06

degrees of freedom    (FIT_NDF)                        : 76
rms of residuals      (FIT_STDFIT) = sqrt(WSSR/ndf)    : 5881.12
variance of residuals (reduced chisquare) = WSSR/ndf   : 3.45875e+07

Final set of parameters            Asymptotic Standard Error
=======================            ==========================
L2              = 214817           +/- 2035         (0.9472%)
k2              = 0.104232         +/- 0.002809     (2.695%)
x02             = 70.5012          +/- 0.336        (0.4765%)

correlation matrix of the fit parameters:
                L2     k2     x02    
L2              1.000 
k2             -0.697  1.000 
x02             0.786 -0.547  1.000 


*******************************************************************************
Mon May 11 10:11:08 2020


FIT:    data read from "data/".countryName[3].".csv" u 0:($2>50 ? ($2) :1/0)
        format = x:z
        #datapoints = 71
        residuals are weighted equally (unit weight)

function used for fitting: l3(x)
	l3(x) = L3/(1+exp(-k3*(x-x03)))
fitted parameters initialized with current variable values

iter      chisq       delta/lim  lambda   L3            k3            x03          
   0 5.0641342360e+11   0.00e+00  6.94e+04    8.000000e+04   2.000000e-01   5.830000e+01
   7 1.7531472973e+09  -1.97e-01  6.94e-02    2.179752e+05   1.440934e-01   7.159917e+01

After 7 iterations the fit converged.
final sum of squares of residuals : 1.75315e+09
rel. change during last iteration : -1.96778e-06

degrees of freedom    (FIT_NDF)                        : 68
rms of residuals      (FIT_STDFIT) = sqrt(WSSR/ndf)    : 5077.56
variance of residuals (reduced chisquare) = WSSR/ndf   : 2.57816e+07

Final set of parameters            Asymptotic Standard Error
=======================            ==========================
L3              = 217975           +/- 1380         (0.633%)
k3              = 0.144093         +/- 0.003415     (2.37%)
x03             = 71.5992          +/- 0.1991       (0.2781%)

correlation matrix of the fit parameters:
                L3     k3     x03    
L3              1.000 
k3             -0.589  1.000 
x03             0.656 -0.385  1.000 


*******************************************************************************
Mon May 11 10:11:08 2020


FIT:    data read from "data/".countryName[4].".csv" u 0:($2>50 ? ($2) :1/0)
        format = x:z
        #datapoints = 73
        residuals are weighted equally (unit weight)

function used for fitting: l4(x)
	l4(x) = L4/(1+exp(-k4*(x-x04)))
fitted parameters initialized with current variable values

iter      chisq       delta/lim  lambda   L4            k4            x04          
   0 1.9523367000e+11   0.00e+00  6.85e+04    8.000000e+04   2.000000e-01   5.830000e+01
   7 1.2735371306e+09  -6.68e-01  6.85e-02    1.755406e+05   1.385808e-01   7.644458e+01

After 7 iterations the fit converged.
final sum of squares of residuals : 1.27354e+09
rel. change during last iteration : -6.67549e-06

degrees of freedom    (FIT_NDF)                        : 70
rms of residuals      (FIT_STDFIT) = sqrt(WSSR/ndf)    : 4265.37
variance of residuals (reduced chisquare) = WSSR/ndf   : 1.81934e+07

Final set of parameters            Asymptotic Standard Error
=======================            ==========================
L4              = 175541           +/- 1428         (0.8135%)
k4              = 0.138581         +/- 0.003586     (2.588%)
x04             = 76.4446          +/- 0.2354       (0.3079%)

correlation matrix of the fit parameters:
                L4     k4     x04    
L4              1.000 
k4             -0.653  1.000 
x04             0.734 -0.479  1.000 


*******************************************************************************
Mon May 11 10:11:08 2020


FIT:    data read from "data/".countryName[5].".csv" u 0:($2>50 ? ($2) :1/0)
        format = x:z
        #datapoints = 67
        residuals are weighted equally (unit weight)

function used for fitting: l5(x)
	l5(x) = L5/(1+exp(-k5*(x-x05)))
fitted parameters initialized with current variable values

iter      chisq       delta/lim  lambda   L5            k5            x05          
   0 2.0439435054e+11   0.00e+00  7.14e+04    8.000000e+04   2.000000e-01   5.830000e+01
   9 9.4776759554e+06  -1.30e-01  7.14e-03    2.987587e+04   8.692208e-02   8.878699e+01

After 9 iterations the fit converged.
final sum of squares of residuals : 9.47768e+06
rel. change during last iteration : -1.30448e-06

degrees of freedom    (FIT_NDF)                        : 64
rms of residuals      (FIT_STDFIT) = sqrt(WSSR/ndf)    : 384.823
variance of residuals (reduced chisquare) = WSSR/ndf   : 148089

Final set of parameters            Asymptotic Standard Error
=======================            ==========================
L5              = 29875.9          +/- 469.3        (1.571%)
k5              = 0.0869221        +/- 0.001673     (1.925%)
x05             = 88.787           +/- 0.4616       (0.5199%)

correlation matrix of the fit parameters:
                L5     k5     x05    
L5              1.000 
k5             -0.865  1.000 
x05             0.971 -0.856  1.000 


*******************************************************************************
Mon May 11 10:11:08 2020


FIT:    data read from "data/".countryName[6].".csv" u 0:($2>50 ? ($2) :1/0)
        format = x:z
        #datapoints = 77
        residuals are weighted equally (unit weight)

function used for fitting: l6(x)
	l6(x) = L6/(1+exp(-k6*(x-x06)))
fitted parameters initialized with current variable values

iter      chisq       delta/lim  lambda   L6            k6            x06          
   0 2.4813498215e+13   0.00e+00  6.67e+04    8.000000e+04   2.000000e-01   5.830000e+01
  12 7.3017422019e+10  -9.60e-01  6.67e-04    1.374123e+06   1.067090e-01   8.585857e+01

After 12 iterations the fit converged.
final sum of squares of residuals : 7.30174e+10
rel. change during last iteration : -9.60388e-06

degrees of freedom    (FIT_NDF)                        : 74
rms of residuals      (FIT_STDFIT) = sqrt(WSSR/ndf)    : 31412.1
variance of residuals (reduced chisquare) = WSSR/ndf   : 9.86722e+08

Final set of parameters            Asymptotic Standard Error
=======================            ==========================
L6              = 1.37412e+06      +/- 2.39e+04     (1.739%)
k6              = 0.106709         +/- 0.003174     (2.974%)
x06             = 85.8586          +/- 0.4699       (0.5473%)

correlation matrix of the fit parameters:
                L6     k6     x06    
L6              1.000 
k6             -0.816  1.000 
x06             0.930 -0.768  1.000 


*******************************************************************************
Mon May 11 10:11:08 2020


FIT:    data read from "data/germany.csv" u 0:($2>50 ? ($2) :1/0)
        format = x:z
        #datapoints = 72
        residuals are weighted equally (unit weight)

function used for fitting: lr1(x)
	lr1(x) =(m1**2*x+n1)/(1+exp(-kr1*(x-xr01)))
fitted parameters initialized with current variable values

iter      chisq       delta/lim  lambda   m1            n1            kr1           xr01         
   0 8.3620275644e+10   0.00e+00  7.81e+04    1.000000e+01   1.000000e+05   2.000000e-01   5.830000e+01
  68 1.3885194432e+08  -4.33e-01  7.81e-01    3.539941e+01   3.794944e+04   1.772791e-01   6.712969e+01

After 68 iterations the fit converged.
final sum of squares of residuals : 1.38852e+08
rel. change during last iteration : -4.33197e-06

degrees of freedom    (FIT_NDF)                        : 68
rms of residuals      (FIT_STDFIT) = sqrt(WSSR/ndf)    : 1428.96
variance of residuals (reduced chisquare) = WSSR/ndf   : 2.04194e+06

Final set of parameters            Asymptotic Standard Error
=======================            ==========================
m1              = 35.3994          +/- 0.6279       (1.774%)
n1              = 37949.4          +/- 4411         (11.62%)
kr1             = 0.177279         +/- 0.002853     (1.609%)
xr01            = 67.1297          +/- 0.1757       (0.2618%)

correlation matrix of the fit parameters:
                m1     n1     kr1    xr01   
m1              1.000 
n1             -0.997  1.000 
kr1             0.645 -0.671  1.000 
xr01           -0.891  0.905 -0.629  1.000 


*******************************************************************************
Mon May 11 10:11:08 2020


FIT:    data read from "data/italy.csv" u 0:($2>50 ? ($2) :1/0)
        format = x:z
        #datapoints = 79
        residuals are weighted equally (unit weight)

function used for fitting: lr2(x)
	lr2(x) =(m2**2*x+n2)/(1+exp(-kr2*(x-xr02)))
fitted parameters initialized with current variable values

iter      chisq       delta/lim  lambda   m2            n2            kr2           xr02         
   0 2.2653768107e+11   0.00e+00  7.46e+04    1.000000e+01   1.000000e+05   2.000000e-01   5.830000e+01
  59 3.8100107754e+08  -2.65e-01  7.46e-02    4.639485e+01  -9.169655e+03   1.471236e-01   6.091294e+01

After 59 iterations the fit converged.
final sum of squares of residuals : 3.81001e+08
rel. change during last iteration : -2.64836e-06

degrees of freedom    (FIT_NDF)                        : 75
rms of residuals      (FIT_STDFIT) = sqrt(WSSR/ndf)    : 2253.89
variance of residuals (reduced chisquare) = WSSR/ndf   : 5.08001e+06

Final set of parameters            Asymptotic Standard Error
=======================            ==========================
m2              = 46.3948          +/- 0.6791       (1.464%)
n2              = -9169.66         +/- 6236         (68%)
kr2             = 0.147124         +/- 0.003498     (2.378%)
xr02            = 60.9129          +/- 0.3379       (0.5547%)

correlation matrix of the fit parameters:
                m2     n2     kr2    xr02   
m2              1.000 
n2             -0.997  1.000 
kr2             0.644 -0.674  1.000 
xr02           -0.910  0.924 -0.610  1.000 


*******************************************************************************
Mon May 11 10:11:08 2020


FIT:    data read from "data/spain.csv" u 0:($2>50 ? ($2) :1/0)
        format = x:z
        #datapoints = 71
        residuals are weighted equally (unit weight)

function used for fitting: lr3(x)
	lr3(x) =(m3**2*x+n3)/(1+exp(-kr3*(x-xr03)))
fitted parameters initialized with current variable values

iter      chisq       delta/lim  lambda   m3            n3            kr3           xr03         
   0 2.9714966445e+11   0.00e+00  7.86e+04    1.000000e+01   1.000000e+05   2.000000e-01   5.830000e+01
  73 7.5443660618e+08  -1.02e-01  7.86e-02    3.661571e+01   8.153441e+04   1.732279e-01   6.819347e+01

After 73 iterations the fit converged.
final sum of squares of residuals : 7.54437e+08
rel. change during last iteration : -1.02299e-06

degrees of freedom    (FIT_NDF)                        : 67
rms of residuals      (FIT_STDFIT) = sqrt(WSSR/ndf)    : 3355.63
variance of residuals (reduced chisquare) = WSSR/ndf   : 1.12602e+07

Final set of parameters            Asymptotic Standard Error
=======================            ==========================
m3              = 36.6157          +/- 1.528        (4.174%)
n3              = 81534.4          +/- 1.117e+04    (13.7%)
kr3             = 0.173228         +/- 0.004646     (2.682%)
xr03            = 68.1935          +/- 0.3116       (0.4569%)

correlation matrix of the fit parameters:
                m3     n3     kr3    xr03   
m3              1.000 
n3             -0.998  1.000 
kr3             0.653 -0.678  1.000 
xr03           -0.900  0.914 -0.653  1.000 


*******************************************************************************
Mon May 11 10:11:08 2020


FIT:    data read from "data/france.csv" u 0:($2>50 ? ($2) :1/0)
        format = x:z
        #datapoints = 73
        residuals are weighted equally (unit weight)

function used for fitting: lr4(x)
	lr4(x) =(m4**2*x+n4)/(1+exp(-kr4*(x-xr04)))
fitted parameters initialized with current variable values

iter      chisq       delta/lim  lambda   m4            n4            kr4           xr04         
   0 1.1564397604e+11   0.00e+00  7.76e+04    1.000000e+01   1.000000e+05   2.000000e-01   5.830000e+01
  11 1.2735442565e+09  -6.88e-01  7.76e+02    1.898756e-01   1.755396e+05   1.385762e-01   7.644483e+01

After 11 iterations the fit converged.
final sum of squares of residuals : 1.27354e+09
rel. change during last iteration : -6.88344e-06

degrees of freedom    (FIT_NDF)                        : 69
rms of residuals      (FIT_STDFIT) = sqrt(WSSR/ndf)    : 4296.18
variance of residuals (reduced chisquare) = WSSR/ndf   : 1.84572e+07

Final set of parameters            Asymptotic Standard Error
=======================            ==========================
m4              = 0.189876         +/- 777.6        (4.095e+05%)
n4              = 175540           +/- 3.108e+04    (17.71%)
kr4             = 0.138576         +/- 0.005013     (3.618%)
xr04            = 76.4448          +/- 0.825        (1.079%)

correlation matrix of the fit parameters:
                m4     n4     kr4    xr04   
m4              1.000 
n4             -0.999  1.000 
kr4             0.693 -0.715  1.000 
xr04           -0.958  0.967 -0.763  1.000 


*******************************************************************************
Mon May 11 10:11:08 2020


FIT:    data read from "data/sweden.csv" u 0:($2>50 ? ($2) :1/0)
        format = x:z
        #datapoints = 67
        residuals are weighted equally (unit weight)

function used for fitting: lr5(x)
	lr5(x) =(m5**2*x+n5)/(1+exp(-kr5*(x-xr05)))
fitted parameters initialized with current variable values

iter      chisq       delta/lim  lambda   m5            n5            kr5           xr05         
   0 4.1589659502e+11   0.00e+00  8.08e+04    1.000000e+01   1.000000e+05   2.000000e-01   5.830000e+01
   8 1.9438340810e+06  -9.38e-02  8.08e-03    2.012756e+01  -1.624766e+04   7.810824e-02   7.435260e+01

After 8 iterations the fit converged.
final sum of squares of residuals : 1.94383e+06
rel. change during last iteration : -9.38114e-07

degrees of freedom    (FIT_NDF)                        : 63
rms of residuals      (FIT_STDFIT) = sqrt(WSSR/ndf)    : 175.655
variance of residuals (reduced chisquare) = WSSR/ndf   : 30854.5

Final set of parameters            Asymptotic Standard Error
=======================            ==========================
m5              = 20.1276          +/- 0.2601       (1.292%)
n5              = -16247.7         +/- 1105         (6.804%)
kr5             = 0.0781082        +/- 0.0019       (2.433%)
xr05            = 74.3526          +/- 0.733        (0.9859%)

correlation matrix of the fit parameters:
                m5     n5     kr5    xr05   
m5              1.000 
n5             -0.989  1.000 
kr5            -0.774  0.691  1.000 
xr05           -0.884  0.937  0.502  1.000 


*******************************************************************************
Mon May 11 10:11:08 2020


FIT:    data read from "data/us.csv" u 0:($2>50 ? ($2) :1/0)
        format = x:z
        #datapoints = 77
        residuals are weighted equally (unit weight)

function used for fitting: lr6(x)
	lr6(x) =(m6**2*x+n6)/(1+exp(-kr6*(x-xr06)))
fitted parameters initialized with current variable values

iter      chisq       delta/lim  lambda   m6            n6            kr6           xr06         
   0 2.3161137243e+13   0.00e+00  7.55e+04    1.000000e+01   1.000000e+05   2.000000e-01   5.830000e+01
 104 3.6309932816e+09  -7.01e-01  7.55e-03    1.555297e+02  -1.304323e+06   1.328257e-01   6.847031e+01

After 104 iterations the fit converged.
final sum of squares of residuals : 3.63099e+09
rel. change during last iteration : -7.01377e-06

degrees of freedom    (FIT_NDF)                        : 73
rms of residuals      (FIT_STDFIT) = sqrt(WSSR/ndf)    : 7052.63
variance of residuals (reduced chisquare) = WSSR/ndf   : 4.97396e+07

Final set of parameters            Asymptotic Standard Error
=======================            ==========================
m6              = 155.53           +/- 0.7499       (0.4821%)
n6              = -1.30432e+06     +/- 2.448e+04    (1.877%)
kr6             = 0.132826         +/- 0.002733     (2.057%)
xr06            = 68.4703          +/- 0.3968       (0.5795%)

correlation matrix of the fit parameters:
                m6     n6     kr6    xr06   
m6              1.000 
n6             -0.995  1.000 
kr6             0.190 -0.258  1.000 
xr06           -0.897  0.912 -0.102  1.000 
